Microsoft (R) Macro Assembler Version 5.10                  10/28/20 13:34:1
                                                             Page     1-1


 0000				AStack SEGMENT STACK
 0000  0020[				DW 32 DUP(?)   			
	   ????			
			 ]	
				
 0040				AStack ENDS
								
 0000				DATA SEGMENT				
 0000  0005				A 	DW 5
 0002  0001				B 	DW 1
 0004  0003				I 	DW 3
 0006  FFFB				K 	DW -5
 0008  0000				I1 	DW ?
 000A  0000				I2 	DW ?
 000C  0000				RES DW ?
 000E				DATA ENDS
				
 0000				CODE      SEGMENT
					ASSUME CS:CODE, DS:DATA, SS:AStack
				
 0000				Main PROC FAR
 0000  B8 ---- R			mov  ax, DATA
 0003  8E D8			   	mov  ds, ax
 0005				f1:
 0005  A1 0000 R			mov ax, A
 0008  8B 1E 0002 R			mov bx, B
 000C  3B C3				cmp ax, bx
 000E  7F 03				jg f1_1
 0010  EB 14 90				jmp f1_2
				
 0013				f1_1:
 0013  A1 0004 R			mov ax, I
 0016  D1 E0				shl ax, 1
 0018  D1 E0				shl ax, 1
 001A  BB 0007				mov bx, 7
 001D  2B D8				sub bx, ax
 001F  89 1E 0008 R			mov I1, bx
 0023  EB 1E 90				jmp f2
				
 0026				f1_2:
 0026  A1 0004 R			mov ax, I
 0029  8B 1E 0004 R			mov bx, I
 002D  D1 E0				shl ax, 1
 002F  D1 E0				shl ax, 1
 0031  D1 E0				shl ax, 1
 0033  D1 E3				shl bx, 1
 0035  2B C3				sub ax, bx
 0037  BB 0008				mov bx, 8
 003A  2B D8				sub bx, ax
 003C  89 1E 0008 R			mov I1, bx
 0040  EB 01 90				jmp f2
				
 0043				f2:
 0043  A1 0000 R			mov ax, A
Microsoft (R) Macro Assembler Version 5.10                  10/28/20 13:34:1
                                                             Page     1-2


 0046  8B 1E 0002 R			mov bx, B
 004A  3B C3				cmp ax, bx
 004C  7F 03				jg f2_1
 004E  EB 11 90				jmp f2_2
				
 0051				f2_1:
 0051  A1 0004 R			mov ax, I
 0054  D1 E0				shl ax, 1
 0056  BB 0002				mov bx, 2
 0059  2B C3				sub ax, bx
 005B  A3 000A R			mov I2, ax
 005E  EB 19 90				jmp f3
				
 0061				f2_2:
 0061  A1 0004 R			mov ax, I
 0064  8B 1E 0004 R			mov bx, I
 0068  D1 E3				shl bx, 1
 006A  D1 E3				shl bx, 1
 006C  2B C3				sub ax, bx
 006E  BB 0002				mov bx, 2
 0071  03 C3				add ax, bx
 0073  A3 000A R			mov I2, ax
 0076  EB 01 90				jmp f3
				
 0079				f3:
 0079  8B 1E 0006 R			mov bx, K
 007D  83 FB 00				cmp bx, 0
 0080  7F 03				jg f3_1
 0082  EB 1C 90				jmp f3_2
				
 0085				f3_1:
 0085  A1 000A R			mov ax, I2
 0088  F7 D8				neg ax
 008A  BB 0006				mov bx, 6
 008D  F7 DB				neg bx
 008F  3B C3				cmp ax, bx
 0091  7F 07				jg f3_1_1
 0093  89 1E 000C R			mov RES, bx
 0097  EB 33 90				jmp f_end 
				
 009A				f3_1_1:
 009A  A3 000C R			mov RES, ax
 009D  EB 2D 90				jmp f_end
				
 00A0				f3_2:
 00A0  A1 0008 R			mov ax, I1
 00A3  8B 1E 000A R			mov bx, I2
 00A7  2B C3				sub ax, bx
 00A9  BB 0000				mov bx, 0
 00AC  3B D8				cmp bx, ax
 00AE  7F 03				jg f3_2_neg
 00B0  EB 06 90				jmp f3_2_1
				
 00B3				f3_2_neg:
Microsoft (R) Macro Assembler Version 5.10                  10/28/20 13:34:1
                                                             Page     1-3


 00B3  F7 D8				neg ax
 00B5  EB 01 90				jmp f3_2_1
				
 00B8				f3_2_1:
 00B8  BB 0002				mov bx, 2
 00BB  3B C3				cmp ax, bx
 00BD  7F 06				jg f3_2_1_a
 00BF  A3 000C R			mov RES, ax
 00C2  EB 08 90				jmp f_end
				
 00C5				f3_2_1_a:
 00C5  89 1E 000C R			mov RES, bx
 00C9  EB 01 90				jmp f_end
				
 00CC				f_end:
 00CC  B4 4C				mov  ah, 4ch		
 00CE  CD 21				int  21h  
				
				
				 
 00D0				Main      ENDP
 00D0				CODE      ENDS
				END Main
Microsoft (R) Macro Assembler Version 5.10                  10/28/20 13:34:1
                                                             Symbols-1


Segments and Groups:

                N a m e         	Length	 Align	Combine Class

ASTACK . . . . . . . . . . . . .  	0040	PARA	STACK	
CODE . . . . . . . . . . . . . .  	00D0	PARA	NONE	
DATA . . . . . . . . . . . . . .  	000E	PARA	NONE	

Symbols:            

                N a m e         	Type	 Value	 Attr

A  . . . . . . . . . . . . . . .  	L WORD	0000	DATA

B  . . . . . . . . . . . . . . .  	L WORD	0002	DATA

F1 . . . . . . . . . . . . . . .  	L NEAR	0005	CODE
F1_1 . . . . . . . . . . . . . .  	L NEAR	0013	CODE
F1_2 . . . . . . . . . . . . . .  	L NEAR	0026	CODE
F2 . . . . . . . . . . . . . . .  	L NEAR	0043	CODE
F2_1 . . . . . . . . . . . . . .  	L NEAR	0051	CODE
F2_2 . . . . . . . . . . . . . .  	L NEAR	0061	CODE
F3 . . . . . . . . . . . . . . .  	L NEAR	0079	CODE
F3_1 . . . . . . . . . . . . . .  	L NEAR	0085	CODE
F3_1_1 . . . . . . . . . . . . .  	L NEAR	009A	CODE
F3_2 . . . . . . . . . . . . . .  	L NEAR	00A0	CODE
F3_2_1 . . . . . . . . . . . . .  	L NEAR	00B8	CODE
F3_2_1_A . . . . . . . . . . . .  	L NEAR	00C5	CODE
F3_2_NEG . . . . . . . . . . . .  	L NEAR	00B3	CODE
F_END  . . . . . . . . . . . . .  	L NEAR	00CC	CODE

I  . . . . . . . . . . . . . . .  	L WORD	0004	DATA
I1 . . . . . . . . . . . . . . .  	L WORD	0008	DATA
I2 . . . . . . . . . . . . . . .  	L WORD	000A	DATA

K  . . . . . . . . . . . . . . .  	L WORD	0006	DATA

MAIN . . . . . . . . . . . . . .  	F PROC	0000	CODE	Length = 00D0

RES  . . . . . . . . . . . . . .  	L WORD	000C	DATA

@CPU . . . . . . . . . . . . . .  	TEXT  0101h		
@FILENAME  . . . . . . . . . . .  	TEXT  LAB3		
@VERSION . . . . . . . . . . . .  	TEXT  510		

Microsoft (R) Macro Assembler Version 5.10                  10/28/20 13:34:1
                                                             Symbols-2



    128 Source  Lines
    128 Total   Lines
     30 Symbols

  48016 + 459244 Bytes symbol space free

      0 Warning Errors
      0 Severe  Errors
