Microsoft (R) Macro Assembler Version 5.10                  10/21/20 23:55:0
                                                             Page     1-1


 0000				AStack SEGMENT STACK
 0000  0020[				DW 32 DUP(?)
	   ????			
			 ]	
				
 0040				AStack ENDS
				
 0000				DATA SEGMENT
 0000  0001			a	DW	1
 0002  0002			b	DW	2
 0004  0003			i	DW	3
 0006  0004			k	DW	4
 0008  0000			i1	DW	?
 000A  0000			i2	DW	?
 000C  0000			res	DW	?
 000E				DATA ENDS
				
 0000				CODE SEGMENT
					ASSUME CS:CODE, DS:DATA, SS:AStack
				
 0000				Main PROC FAR
 0000  B8 ---- R			mov ax, DATA
 0003  8E D8				mov ds, ax
				
 0005				f1:
 0005  A1 0000 R			mov ax, a
 0008  3B 06 0002 R			cmp ax, b
 000C  7F 14				jg f1_1		;if a>b
							;a<=b
 000E  A1 0004 R			mov ax, i
 0011  D1 E0				shl ax, 1	;ax = 2*ax
 0013  8B D8				mov bx, ax	;bx = 2*ax
 0015  D1 E0				shl ax, 1	;ax = 4*ax
 0017  03 C3				add ax, bx	;ax = 6*ax
 0019  2D 000A				sub ax, 10	;ax = ax - 10
 001C  A3 0008 R			mov i1, ax
					
 001F  EB 10 90				jmp f2
 0022				f1_1:
 0022  A1 0004 R			mov ax, i
 0025  D1 E0				shl ax, 1
 0027  D1 E0				shl ax, 1
 0029  05 0003				add ax, 3
 002C  F7 D8				neg ax	
 002E  A3 0008 R			mov i1, ax
				
 0031				f2:
 0031  A1 0000 R			mov ax, a
 0034  3B 06 0002 R			cmp ax, b
 0038  7F 16				jg f2_1		;if a>b
							;a<=b
 003A  A1 0004 R			mov ax, i
 003D  D1 E0				shl ax, 1	;ax = 2*ax
 003F  8B D8				mov bx, ax	;bx = 2*ax
Microsoft (R) Macro Assembler Version 5.10                  10/21/20 23:55:0
                                                             Page     1-2


 0041  D1 E0				shl ax, 1	;ax = 4*ax
 0043  03 C3				add ax, bx	;ax = 6*ax
 0045  2D 0006				sub ax, 6	;ax = ax - 6
 0048  F7 D8				neg ax		;ax = -ax
					
 004A  A3 000A R			mov i2, ax
 004D  EB 12 90				jmp f3
				
 0050				f2_1:
 0050  A1 0004 R			mov ax, i
 0053  D1 E0				shl ax, 1	;ax = 2*ax
 0055  8B D8				mov bx, ax	;bx = 2*ax
 0057  D1 E0				shl ax, 1	;ax = 4*ax
 0059  F7 D8				neg ax		;ax = -ax
 005B  05 0014				add ax, 20	;ax = ax + 20
				
 005E  A3 000A R			mov i2, ax
					
 0061				f3:
 0061  A1 0006 R			mov ax, k
 0064  83 3E 0006 R 00			cmp k, 0
 0069  7C 0B				jl f3_1		;if k < 0
					
 006B  A1 000A R			mov ax, i2
 006E  3D 0000				cmp ax, 0	;if ax < 0
 0071  7C 12				jl f_abs	;then |ax|
					
 0073  EB 12 90				jmp f3_cmp_7
				
 0076				f3_1:
 0076  A1 0008 R			mov ax, i1	;ax = i1
 0079  2B 06 000A R			sub ax, i2	;ax = i1 - i2
 007D  3D 0000				cmp ax, 0	;if ax < 0
 0080  7C 13				jl f_abs_1	;then ax = |ax|
				
 0082  EB 0B 90				jmp f3_res
 0085				f_abs:
 0085  F7 D8				neg ax		;ax = -ax
				
 0087				f3_cmp_7:
 0087  3D 0007				cmp ax, 7	;if ax < 7
 008A  7C 0D				jl f3_7		;res = 7
				
 008C  EB 01 90				jmp f3_res
				
 008F				f3_res:
 008F  A3 000C R			mov res, ax	;else res = ax
				
 0092  EB 0E 90				jmp f_end
					
 0095				f_abs_1:
 0095  F7 D8				neg ax
				
 0097  EB F6				jmp f3_res
Microsoft (R) Macro Assembler Version 5.10                  10/21/20 23:55:0
                                                             Page     1-3


				
 0099				f3_7:
 0099  C7 06 000C R 0007		mov res, 7	;res = 7
 009F  EB 01 90				jmp f_end	
				
 00A2				f_end:
 00A2  B4 4C				mov ah, 4ch
 00A4  CD 21				int 21h
					
 00A6				Main	ENDP
 00A6				CODE	ENDS
					END Main
Microsoft (R) Macro Assembler Version 5.10                  10/21/20 23:55:0
                                                             Symbols-1


Segments and Groups:

                N a m e         	Length	 Align	Combine Class

ASTACK . . . . . . . . . . . . .  	0040	PARA	STACK	
CODE . . . . . . . . . . . . . .  	00A6	PARA	NONE	
DATA . . . . . . . . . . . . . .  	000E	PARA	NONE	

Symbols:            

                N a m e         	Type	 Value	 Attr

A  . . . . . . . . . . . . . . .  	L WORD	0000	DATA

B  . . . . . . . . . . . . . . .  	L WORD	0002	DATA

F1 . . . . . . . . . . . . . . .  	L NEAR	0005	CODE
F1_1 . . . . . . . . . . . . . .  	L NEAR	0022	CODE
F2 . . . . . . . . . . . . . . .  	L NEAR	0031	CODE
F2_1 . . . . . . . . . . . . . .  	L NEAR	0050	CODE
F3 . . . . . . . . . . . . . . .  	L NEAR	0061	CODE
F3_1 . . . . . . . . . . . . . .  	L NEAR	0076	CODE
F3_7 . . . . . . . . . . . . . .  	L NEAR	0099	CODE
F3_CMP_7 . . . . . . . . . . . .  	L NEAR	0087	CODE
F3_RES . . . . . . . . . . . . .  	L NEAR	008F	CODE
F_ABS  . . . . . . . . . . . . .  	L NEAR	0085	CODE
F_ABS_1  . . . . . . . . . . . .  	L NEAR	0095	CODE
F_END  . . . . . . . . . . . . .  	L NEAR	00A2	CODE

I  . . . . . . . . . . . . . . .  	L WORD	0004	DATA
I1 . . . . . . . . . . . . . . .  	L WORD	0008	DATA
I2 . . . . . . . . . . . . . . .  	L WORD	000A	DATA

K  . . . . . . . . . . . . . . .  	L WORD	0006	DATA

MAIN . . . . . . . . . . . . . .  	F PROC	0000	CODE	Length = 00A6

RES  . . . . . . . . . . . . . .  	L WORD	000C	DATA

@CPU . . . . . . . . . . . . . .  	TEXT  0101h		
@FILENAME  . . . . . . . . . . .  	TEXT  TEST		
@VERSION . . . . . . . . . . . .  	TEXT  510		

Microsoft (R) Macro Assembler Version 5.10                  10/21/20 23:55:0
                                                             Symbols-2



    117 Source  Lines
    117 Total   Lines
     28 Symbols

  48040 + 457170 Bytes symbol space free

      0 Warning Errors
      0 Severe  Errors
