Microsoft (R) Macro Assembler Version 5.10                  10/21/20 18:48:0
                                                             Page     1-1


				; –ü—Ä–æ–≥—Ä–∞–º–º–∞ –∏–∑—É—á–µ–Ω–∏—è —Ä–µ–∂–∏–
				º–æ–≤ –∞–¥—Ä–µ—Å–∞—Ü–∏–∏ –ø—Ä–æ—Ü–µ—Å—Å–æ—Ä–∞ I
				ntelX86
				;EOL EQU '$' ; warning A4031: Operand type must
				 match
 = 0002				ind EQU 2
 = 01F4				n1 EQU 500
 =-0032				n2 EQU -50
				
				; –°—Ç–µ–∫ –ø—Ä–æ–≥—Ä–∞–º–º—ã
 0000				AStack SEGMENT STACK
 0000  000C[			  DW 12 DUP(?)
	   ????			
			 ]	
				
 0018				AStack ENDS
				; –î–∞–Ω–Ω—ã–µ –ø—Ä–æ–≥—Ä–∞–º–º—ã
 0000				DATA SEGMENT
				; –î–∏—Ä–µ–∫—Ç–∏–≤—ã –æ–ø–∏—Å–∞–Ω–∏—è –¥–∞–Ω–Ω—
				ã—Ö
 0000  0000			mem1 DW 0
 0002  0000			mem2 DW 0
 0004  0000			mem3 DW 0
 0006  0B 0C 0D 0E 12 11	vec1 DB 11,12,13,14,18,17,16,15
       10 0F			
 000E  0A 14 F6 EC 1E 28	vec2 DB 10,20,-10,-20,30,40,-30,-40
       E2 D8			
 0016  01 02 FC FD 03 04	matr DB 1,2,-4,-3,3,4,-2,-1,5,6,-8,-7,7,8,-6,-5
       FE FF 05 06 F8 F9	
       07 08 FA FB		
 0026				DATA ENDS
				
				; –ö–æ–¥ –ø—Ä–æ–≥—Ä–∞–º–º—ã
 0000				CODE SEGMENT
				  ASSUME CS:CODE, DS:DATA, SS:AStack
				; –ì–æ–ª–æ–≤–Ω–∞—è –ø—Ä–æ—Ü–µ–¥—É—Ä–∞
 0000				Main  PROC FAR
 0000  1E			  push DS
 0001  2B C0			  sub AX,AX
 0003  50			  push AX
 0004  B8 ---- R		  mov AX,DATA
 0007  8E D8			  mov DS,AX
				; –ü–†–û–í–ï–†–ö–ê –†–ï–ñ–ò–ú–û–í –ê–î–†–ï–°–ê–
				¶–ò–ò –ù–ê –£–†–û–í–ù–ï –°–ú–ï–©–ï–ù–ò–òÃÜ
				; –†–µ–≥–∏—Å—Ç—Ä–æ–≤–∞—è –∞–¥—Ä–µ—Å–∞—Ü–∏—è
 0009  B8 01F4			mov ax,n1
 000C  8B C8			mov cx,ax
				;mov bl,EOL ; error A2009: Symbol not defiend: 
				EOL
 000E  B7 CE			mov bh,n2
				; –ü—Ä—è–º–∞—è –∞–¥—Ä–µ—Å–∞—Ü–∏—è
 0010  C7 06 0002 R FFCE	mov mem2,n2
 0016  BB 0006 R		mov bx,OFFSET vec1
 0019  A3 0000 R		mov mem1,ax
Microsoft (R) Macro Assembler Version 5.10                  10/21/20 18:48:0
                                                             Page     1-2


				; –ö–æ—Å–≤–µ–Ω–Ω–∞—è –∞–¥—Ä–µ—Å–∞—Ü–∏—è
 001C  8A 07			mov al,[bx]
				;mov mem3,[bx] ; (1) error A2052: Improper oper
				and type
				; –ë–∞–∑–∏—Ä–æ–≤–∞–Ω–Ω–∞—è –∞–¥—Ä–µ—Å–∞—Ü–∏—è
 001E  8A 47 03			mov al,[bx]+3
 0021  8B 4F 03			mov cx,3[bx]
				; –ò–Ω–¥–µ–∫—Å–Ω–∞—è –∞–¥—Ä–µ—Å–∞—Ü–∏—è
 0024  BF 0002			mov di,ind
 0027  8A 85 000E R		mov al,vec2[di]
				;mov cx,vec2[di] ; (2) warning A4031: Operand t
				ypes must match
				; –ê–¥—Ä–µ—Å–∞—Ü–∏—è —Å –±–∞–∑–∏—Ä–æ–≤–∞–Ω–∏–µ–
				º –∏ –∏–Ω–¥–µ–∫—Å–∏—Ä–æ–≤–∞–Ω–∏–µ–º
 002B  BB 0003			mov bx,3
 002E  8A 81 0016 R		mov al,matr[bx][di]
				;mov cx,matr[bx][di] ; (3) warning A4031: Opera
				nd types must match
				;mov ax,matr[bx*4][di] ; (4) error A2055: Illeg
				al register value
				; –ü–†–û–í–ï–†–ö–ê –†–ï–ñ–ò–ú–û–í –ê–î–†–ï–°–ê–
				¶–ò–ò –° –£–ß–ï–¢–û–ú –°–ï–ì–ú–ï–ù–¢–û–í
				; –ü–µ—Ä–µ–æ–ø—Ä–µ–¥–µ–ª–µ–Ω–∏–µ —Å–µ–≥–º–µ–Ω—Ç
				–∞
				; ------ –≤–∞—Ä–∏–∞–Ω—Ç 1
 0032  B8 ---- R		mov ax, SEG vec2
 0035  8E C0			mov es, ax
 0037  26: 8B 07		mov ax, es:[bx]
 003A  B8 0000			mov ax, 0
				; ------ –≤–∞—Ä–∏–∞–Ω—Ç 2
 003D  8E C0			mov es, ax
 003F  1E			push ds
 0040  07			pop es
 0041  26: 8B 4F FF		mov cx, es:[bx-1]
 0045  91			xchg cx,ax
				; ------ –≤–∞—Ä–∏–∞–Ω—Ç 3
 0046  BF 0002			mov di,ind
 0049  26: 89 01		mov es:[bx+di],ax
				; ------ –≤–∞—Ä–∏–∞–Ω—Ç 4
 004C  8B EC			mov bp,sp
				;mov ax,matr[bp+bx] ; (5) error A2046: Multiple
				 base register
				;mov ax,matr[bp+di+si] ; (6) error A2047: Multi
				ple index register
				; –ò—Å–ø–æ–ª—å–∑–æ–≤–∞–Ω–∏–µ —Å–µ–≥–º–µ–Ω—Ç–∞ —
				Å—Ç–µ–∫–∞
 004E  FF 36 0000 R		push mem1
 0052  FF 36 0002 R		push mem2
 0056  8B EC			mov bp,sp
 0058  8B 56 02			mov dx,[bp]+2
 005B  CA 0002			ret 2
 005E				Main ENDP ; (7) error A2006: Phase error betwee
				n passes
 005E				CODE ENDS
Microsoft (R) Macro Assembler Version 5.10                  10/21/20 18:48:0
                                                             Page     1-3


				END Main
Microsoft (R) Macro Assembler Version 5.10                  10/21/20 18:48:0
                                                             Symbols-1


Segments and Groups:

                N a m e         	Length	 Align	Combine Class

ASTACK . . . . . . . . . . . . .  	0018	PARA	STACK	
CODE . . . . . . . . . . . . . .  	005E	PARA	NONE	
DATA . . . . . . . . . . . . . .  	0026	PARA	NONE	

Symbols:            

                N a m e         	Type	 Value	 Attr

IND  . . . . . . . . . . . . . .  	NUMBER	0002	

MAIN . . . . . . . . . . . . . .  	F PROC	0000	CODE	Length = 005E
MATR . . . . . . . . . . . . . .  	L BYTE	0016	DATA
MEM1 . . . . . . . . . . . . . .  	L WORD	0000	DATA
MEM2 . . . . . . . . . . . . . .  	L WORD	0002	DATA
MEM3 . . . . . . . . . . . . . .  	L WORD	0004	DATA

N1 . . . . . . . . . . . . . . .  	NUMBER	01F4	
N2 . . . . . . . . . . . . . . .  	NUMBER	-0032	

VEC1 . . . . . . . . . . . . . .  	L BYTE	0006	DATA
VEC2 . . . . . . . . . . . . . .  	L BYTE	000E	DATA

@CPU . . . . . . . . . . . . . .  	TEXT  0101h		
@FILENAME  . . . . . . . . . . .  	TEXT  main		
@VERSION . . . . . . . . . . . .  	TEXT  510		


     85 Source  Lines
     85 Total   Lines
     18 Symbols

  47812 + 459445 Bytes symbol space free

      0 Warning Errors
      0 Severe  Errors
